<?xml version="1.0" encoding="utf-8"?><testsuites name="pytest tests"><testsuite name="pytest" errors="0" failures="0" skipped="0" tests="14" time="2.815" timestamp="2026-03-31T06:23:14.412766+00:00" hostname="agent-env-61b15e59-a0df-4073-8ee8-21b58c9fb409"><testcase classname="tests.test_ged_templates.TestGEDTemplates" name="test_01_login_success" time="0.381" /><testcase classname="tests.test_ged_templates.TestGEDTemplates" name="test_02_list_templates_empty_or_existing" time="0.423" /><testcase classname="tests.test_ged_templates.TestGEDTemplates" name="test_03_create_document_as_template" time="0.201" /><testcase classname="tests.test_ged_templates.TestGEDTemplates" name="test_04_verify_template_in_list" time="0.094" /><testcase classname="tests.test_ged_templates.TestGEDTemplates" name="test_05_create_document_from_template" time="0.229" /><testcase classname="tests.test_ged_templates.TestGEDTemplates" name="test_06_list_all_documents" time="0.101" /><testcase classname="tests.test_ged_templates.TestGEDTemplates" name="test_07_get_document_details" time="0.198" /><testcase classname="tests.test_ged_templates.TestGEDTemplates" name="test_08_get_dashboard_stats" time="0.102" /><testcase classname="tests.test_ged_templates.TestReactRouterNavigation" name="test_provinces_endpoint" time="0.423" /><testcase classname="tests.test_ged_templates.TestReactRouterNavigation" name="test_etablissements_endpoint" time="0.123" /><testcase classname="tests.test_ged_templates.TestReactRouterNavigation" name="test_sous_divisions_endpoint" time="0.097" /><testcase classname="tests.test_ged_templates.TestReactRouterNavigation" name="test_stats_global_endpoint" time="0.118" /><testcase classname="tests.test_ged_templates.TestReactRouterNavigation" name="test_stats_sexe_endpoint" time="0.123" /><testcase classname="tests.test_ged_templates.TestReactRouterNavigation" name="test_health_endpoint" time="0.110" /></testsuite></testsuites>