<?xml version="1.0" encoding="utf-8"?><testsuites name="pytest tests"><testsuite name="pytest" errors="0" failures="0" skipped="0" tests="23" time="39.066" timestamp="2026-04-05T00:54:49.297175+00:00" hostname="agent-env-a42e5334-ea81-4cd6-bdd8-f52de46bf9f5"><testcase classname="backend.tests.test_stats_routes.TestStatsGlobal" name="test_stats_global_returns_200" time="0.762" /><testcase classname="backend.tests.test_stats_routes.TestStatsGlobal" name="test_stats_global_has_required_fields" time="0.276" /><testcase classname="backend.tests.test_stats_routes.TestStatsGlobal" name="test_stats_global_has_26_provinces" time="0.319" /><testcase classname="backend.tests.test_stats_routes.TestStatsGlobal" name="test_stats_global_has_953_etablissements" time="0.320" /><testcase classname="backend.tests.test_stats_routes.TestStatsGlobal" name="test_stats_global_counts_are_positive" time="0.309" /><testcase classname="backend.tests.test_stats_routes.TestStatsNotes" name="test_stats_notes_returns_200" time="7.824" /><testcase classname="backend.tests.test_stats_routes.TestStatsNotes" name="test_stats_notes_has_required_structure" time="7.865" /><testcase classname="backend.tests.test_stats_routes.TestStatsNotes" name="test_stats_notes_par_matiere_has_data" time="7.799" /><testcase classname="backend.tests.test_stats_routes.TestStatsNotes" name="test_stats_notes_par_trimestre_has_data" time="7.865" /><testcase classname="backend.tests.test_stats_routes.TestStatsEvolution" name="test_stats_evolution_returns_200" time="1.361" /><testcase classname="backend.tests.test_stats_routes.TestStatsEvolution" name="test_stats_evolution_has_mois_array" time="1.305" /><testcase classname="backend.tests.test_stats_routes.TestStatsEvolution" name="test_stats_evolution_has_cumul_data" time="1.290" /><testcase classname="backend.tests.test_stats_routes.TestStatsProvinceNew" name="test_province_maniema_returns_200" time="0.148" /><testcase classname="backend.tests.test_stats_routes.TestStatsProvinceNew" name="test_province_maniema_has_nonzero_counts" time="0.176" /><testcase classname="backend.tests.test_stats_routes.TestStatsProvinceNew" name="test_province_sankuru_has_nonzero_counts" time="0.201" /><testcase classname="backend.tests.test_stats_routes.TestStatsProvinceNew" name="test_province_lualaba_has_nonzero_counts" time="0.166" /><testcase classname="backend.tests.test_stats_routes.TestStatsProvinceExisting" name="test_province_kinshasa_returns_200" time="0.164" /><testcase classname="backend.tests.test_stats_routes.TestStatsProvinceExisting" name="test_province_kinshasa_has_nonzero_counts" time="0.164" /><testcase classname="backend.tests.test_stats_routes.TestStatsProvinceExisting" name="test_province_response_structure" time="0.177" /><testcase classname="backend.tests.test_stats_routes.TestStatsAuthentication" name="test_stats_global_requires_auth" time="0.121" /><testcase classname="backend.tests.test_stats_routes.TestStatsAuthentication" name="test_stats_notes_requires_auth" time="0.109" /><testcase classname="backend.tests.test_stats_routes.TestStatsAuthentication" name="test_stats_evolution_requires_auth" time="0.142" /><testcase classname="backend.tests.test_stats_routes.TestStatsAuthentication" name="test_stats_province_requires_auth" time="0.104" /></testsuite></testsuites>