<?xml version="1.0" encoding="utf-8"?><testsuites name="pytest tests"><testsuite name="pytest" errors="0" failures="0" skipped="0" tests="18" time="7.642" timestamp="2026-04-04T23:52:04.415277+00:00" hostname="agent-env-a42e5334-ea81-4cd6-bdd8-f52de46bf9f5"><testcase classname="tests.test_externe_ingestion.TestBasicAuthRejection" name="test_presences_without_auth_returns_401" time="0.205" /><testcase classname="tests.test_externe_ingestion.TestBasicAuthRejection" name="test_evaluations_without_auth_returns_401" time="0.106" /><testcase classname="tests.test_externe_ingestion.TestBasicAuthRejection" name="test_effectifs_without_auth_returns_401" time="0.113" /><testcase classname="tests.test_externe_ingestion.TestBasicAuthRejection" name="test_invalid_credentials_returns_401" time="0.138" /><testcase classname="tests.test_externe_ingestion.TestPresencesEndpoint" name="test_presences_with_valid_auth_accepts_json" time="0.352" /><testcase classname="tests.test_externe_ingestion.TestPresencesEndpoint" name="test_presences_returns_success_count" time="0.333" /><testcase classname="tests.test_externe_ingestion.TestEvaluationsEndpoint" name="test_evaluations_accepts_grouped_format" time="0.366" /><testcase classname="tests.test_externe_ingestion.TestEvaluationsEndpoint" name="test_evaluations_validates_note_range" time="0.334" /><testcase classname="tests.test_externe_ingestion.TestEffectifsEndpoint" name="test_effectifs_with_valid_etablissement" time="0.354" /><testcase classname="tests.test_externe_ingestion.TestEffectifsEndpoint" name="test_effectifs_rejects_invalid_etablissement" time="0.334" /><testcase classname="tests.test_externe_ingestion.TestEffectifsEndpoint" name="test_effectifs_missing_etablissement_id" time="0.322" /><testcase classname="tests.test_externe_ingestion.TestSourcesStatusEndpoint" name="test_sources_status_returns_all_endpoints" time="0.448" /><testcase classname="tests.test_externe_ingestion.TestSourcesStatusEndpoint" name="test_sources_status_shows_call_counts" time="0.452" /><testcase classname="tests.test_externe_ingestion.TestLogsEndpoint" name="test_logs_returns_recent_calls" time="0.554" /><testcase classname="tests.test_externe_ingestion.TestLogsEndpoint" name="test_logs_filter_by_endpoint" time="0.431" /><testcase classname="tests.test_externe_ingestion.TestLoggingToCollection" name="test_presences_creates_log_entry" time="0.916" /><testcase classname="tests.test_externe_ingestion.TestLoggingToCollection" name="test_evaluations_creates_log_entry" time="0.910" /><testcase classname="tests.test_externe_ingestion.TestLoggingToCollection" name="test_effectifs_creates_log_entry" time="0.880" /></testsuite></testsuites>