<?xml version="1.0" encoding="utf-8"?><testsuites name="pytest tests"><testsuite name="pytest" errors="0" failures="0" skipped="0" tests="8" time="2.746" timestamp="2026-04-05T08:44:33.524900+00:00" hostname="agent-env-2915b877-4270-46a0-a2f0-9ac29200c91c"><testcase classname="tests.test_issues_fixes.TestAuthAndSetup" name="test_health_check" time="0.234" /><testcase classname="tests.test_issues_fixes.TestIssue2_DashboardData" name="test_stats_global_returns_data" time="0.703" /><testcase classname="tests.test_issues_fixes.TestIssue2_DashboardData" name="test_stats_global_has_province_distribution" time="0.304" /><testcase classname="tests.test_issues_fixes.TestIssue4_RapportsAPI" name="test_rapports_endpoint_returns_200" time="0.384" /><testcase classname="tests.test_issues_fixes.TestIssue4_RapportsAPI" name="test_rapports_returns_list" time="0.046" /><testcase classname="tests.test_issues_fixes.TestIssue5_ChatContactSearch" name="test_utilisateurs_contactables_returns_users" time="0.395" /><testcase classname="tests.test_issues_fixes.TestIssue5_ChatContactSearch" name="test_contactables_has_searchable_fields" time="0.049" /><testcase classname="tests.test_issues_fixes.TestIssue6_ProvincesData" name="test_stats_has_26_provinces" time="0.551" /></testsuite></testsuites>