<?xml version="1.0" encoding="utf-8"?><testsuites name="pytest tests"><testsuite name="pytest" errors="0" failures="0" skipped="0" tests="10" time="3.988" timestamp="2026-04-03T14:30:36.270468+00:00" hostname="agent-env-61b15e59-a0df-4073-8ee8-21b58c9fb409"><testcase classname="tests.test_httponly_cookies.TestHttpOnlyCookieAuth" name="test_login_sets_httponly_cookie" time="0.611" /><testcase classname="tests.test_httponly_cookies.TestHttpOnlyCookieAuth" name="test_auth_me_with_cookie" time="0.550" /><testcase classname="tests.test_httponly_cookies.TestHttpOnlyCookieAuth" name="test_protected_endpoint_without_cookie" time="0.119" /><testcase classname="tests.test_httponly_cookies.TestHttpOnlyCookieAuth" name="test_logout_deletes_cookie" time="0.466" /><testcase classname="tests.test_httponly_cookies.TestHttpOnlyCookieAuth" name="test_protected_endpoint_after_logout" time="0.587" /><testcase classname="tests.test_httponly_cookies.TestHttpOnlyCookieAuth" name="test_cookie_sent_with_protected_api_calls" time="0.585" /><testcase classname="tests.test_httponly_cookies.TestHttpOnlyCookieAuth" name="test_login_with_invalid_credentials" time="0.357" /><testcase classname="tests.test_httponly_cookies.TestHttpOnlyCookieAuth" name="test_login_with_email_instead_of_phone" time="0.376" /><testcase classname="tests.test_httponly_cookies.TestCORSConfiguration" name="test_cors_allows_credentials" time="0.085" /><testcase classname="tests.test_httponly_cookies.TestHealthCheck" name="test_health_endpoint" time="0.121" /></testsuite></testsuites>