<?xml version="1.0" encoding="utf-8"?><testsuites name="pytest tests"><testsuite name="pytest" errors="0" failures="0" skipped="0" tests="13" time="4.231" timestamp="2026-04-04T21:05:10.116250+00:00" hostname="agent-env-a42e5334-ea81-4cd6-bdd8-f52de46bf9f5"><testcase classname="tests.test_evolution_evaluations.TestHealthCheck" name="test_api_health" time="0.216" /><testcase classname="tests.test_evolution_evaluations.TestStatsEvolution" name="test_evolution_endpoint_returns_200" time="0.713" /><testcase classname="tests.test_evolution_evaluations.TestStatsEvolution" name="test_evolution_has_mois_array" time="0.354" /><testcase classname="tests.test_evolution_evaluations.TestStatsEvolution" name="test_evolution_has_cumul_data" time="0.408" /><testcase classname="tests.test_evolution_evaluations.TestStatsEvolution" name="test_evolution_has_inscriptions_mensuelles" time="0.339" /><testcase classname="tests.test_evolution_evaluations.TestStatsNotes" name="test_notes_endpoint_returns_200" time="0.252" /><testcase classname="tests.test_evolution_evaluations.TestStatsNotes" name="test_notes_has_par_matiere" time="0.260" /><testcase classname="tests.test_evolution_evaluations.TestStatsNotes" name="test_notes_has_distribution" time="0.302" /><testcase classname="tests.test_evolution_evaluations.TestStatsNotes" name="test_notes_has_par_trimestre" time="0.289" /><testcase classname="tests.test_evolution_evaluations.TestStatsNotes" name="test_notes_moyenne_in_valid_range" time="0.247" /><testcase classname="tests.test_evolution_evaluations.TestStatsNotesDataQuality" name="test_notes_count_matches_expected" time="0.252" /><testcase classname="tests.test_evolution_evaluations.TestStatsNotesDataQuality" name="test_notes_has_15_subjects" time="0.255" /><testcase classname="tests.test_evolution_evaluations.TestStatsNotesDataQuality" name="test_notes_has_3_trimesters" time="0.254" /></testsuite></testsuites>