<?xml version="1.0" encoding="utf-8"?><testsuites name="pytest tests"><testsuite name="pytest" errors="0" failures="0" skipped="0" tests="12" time="5.920" timestamp="2026-04-03T20:28:29.746090+00:00" hostname="agent-env-ad19b63d-8a5e-4c2e-8212-974a7ea0a911"><testcase classname="tests.test_demo_users.TestHealthCheck" name="test_health_endpoint" time="0.227" /><testcase classname="tests.test_demo_users.TestMinisterLogin" name="test_minister_login_success" time="0.368" /><testcase classname="tests.test_demo_users.TestMinisterLogin" name="test_minister_login_invalid_password" time="0.326" /><testcase classname="tests.test_demo_users.TestDemoUserGeneration" name="test_generate_demo_users" time="0.646" /><testcase classname="tests.test_demo_users.TestDemoUserGeneration" name="test_generate_demo_users_unauthorized" time="0.115" /><testcase classname="tests.test_demo_users.TestDemoUserGeneration" name="test_generate_demo_users_invalid_count" time="0.415" /><testcase classname="tests.test_demo_users.TestDemoUserLogin" name="test_demo_user_login" time="0.982" /><testcase classname="tests.test_demo_users.TestDemoUserLogin" name="test_demo_user_status_after_login" time="1.012" /><testcase classname="tests.test_demo_users.TestDemoUserListing" name="test_list_demo_users" time="0.697" /><testcase classname="tests.test_demo_users.TestDemoUserDeletion" name="test_delete_demo_users" time="0.754" /><testcase classname="tests.test_demo_users.TestDemoUserDeletion" name="test_delete_demo_users_unauthorized" time="0.133" /><testcase classname="tests.test_demo_users.TestServicesEndpoint" name="test_services_dropdown_cascade" time="0.144" /></testsuite></testsuites>