<?xml version="1.0" encoding="utf-8"?><testsuites name="pytest tests"><testsuite name="pytest" errors="0" failures="0" skipped="0" tests="47" time="16.116" timestamp="2026-04-02T11:38:57.036844+00:00" hostname="agent-env-61b15e59-a0df-4073-8ee8-21b58c9fb409"><testcase classname="tests.test_ged_conformite.TestSetup" name="test_health_check" time="0.110" /><testcase classname="tests.test_ged_conformite.TestAuthentication" name="test_login_ministre" time="0.352" /><testcase classname="tests.test_ged_conformite.TestAuthentication" name="test_login_sg" time="0.268" /><testcase classname="tests.test_ged_conformite.TestAuthentication" name="test_login_dg_admin" time="0.266" /><testcase classname="tests.test_ged_conformite.TestP0TypesTaches" name="test_transmettre_avec_type_tache_info" time="1.117" /><testcase classname="tests.test_ged_conformite.TestP0TypesTaches" name="test_transmettre_avec_type_tache_class" time="0.550" /><testcase classname="tests.test_ged_conformite.TestP0TypesTaches" name="test_historique_contient_type_tache" time="0.100" /><testcase classname="tests.test_ged_conformite.TestP0Verrouillage" name="test_verrouiller_document" time="0.959" /><testcase classname="tests.test_ged_conformite.TestP0Verrouillage" name="test_verrouiller_deja_verrouille_meme_user" time="0.130" /><testcase classname="tests.test_ged_conformite.TestP0Verrouillage" name="test_verrouiller_par_autre_user_echoue" time="0.114" /><testcase classname="tests.test_ged_conformite.TestP0Verrouillage" name="test_deverrouiller_document" time="0.104" /><testcase classname="tests.test_ged_conformite.TestP0Bypass" name="test_bypass_sans_justification_echoue" time="1.096" /><testcase classname="tests.test_ged_conformite.TestP0Bypass" name="test_bypass_par_non_hierarchique_echoue" time="0.427" /><testcase classname="tests.test_ged_conformite.TestP0Bypass" name="test_bypass_par_ministre_reussit" time="0.115" /><testcase classname="tests.test_ged_conformite.TestP1Delegation" name="test_delegation_a_soi_meme_echoue" time="1.108" /><testcase classname="tests.test_ged_conformite.TestP1Delegation" name="test_delegation_reussie" time="0.098" /><testcase classname="tests.test_ged_conformite.TestP1LiaisonDossiers" name="test_lier_documents" time="1.089" /><testcase classname="tests.test_ged_conformite.TestP1LiaisonDossiers" name="test_liaison_deja_existante" time="0.102" /><testcase classname="tests.test_ged_conformite.TestP1LiaisonDossiers" name="test_delier_documents" time="0.105" /><testcase classname="tests.test_ged_conformite.TestP1TransmissionExterne" name="test_transmission_externe_sans_fichier_echoue" time="1.161" /><testcase classname="tests.test_ged_conformite.TestP1TransmissionExterne" name="test_transmission_externe_email_invalide" time="0.213" /><testcase classname="tests.test_ged_conformite.TestP1ListesDistribution" name="test_creer_liste_distribution" time="0.852" /><testcase classname="tests.test_ged_conformite.TestP1ListesDistribution" name="test_lister_listes" time="0.105" /><testcase classname="tests.test_ged_conformite.TestP1ListesDistribution" name="test_obtenir_liste" time="0.095" /><testcase classname="tests.test_ged_conformite.TestP1ListesDistribution" name="test_modifier_liste" time="0.103" /><testcase classname="tests.test_ged_conformite.TestP1ListesDistribution" name="test_supprimer_liste" time="0.101" /><testcase classname="tests.test_ged_conformite.TestP1PlanClassement" name="test_initialiser_plan_classement_drc" time="0.446" /><testcase classname="tests.test_ged_conformite.TestP1PlanClassement" name="test_lister_plans_classement" time="0.111" /><testcase classname="tests.test_ged_conformite.TestP1PlanClassement" name="test_obtenir_arborescence" time="0.115" /><testcase classname="tests.test_ged_conformite.TestP1PlanClassement" name="test_creer_plan_classement_non_admin_echoue" time="0.427" /><testcase classname="tests.test_ged_conformite.TestP2EntitesExternes" name="test_creer_entite_externe" time="0.444" /><testcase classname="tests.test_ged_conformite.TestP2EntitesExternes" name="test_lister_entites_externes" time="0.113" /><testcase classname="tests.test_ged_conformite.TestP2EntitesExternes" name="test_filtrer_entites_par_type" time="0.098" /><testcase classname="tests.test_ged_conformite.TestP2EntitesExternes" name="test_filtrer_entites_partenaires" time="0.105" /><testcase classname="tests.test_ged_conformite.TestP2EntitesExternes" name="test_statistiques_partenaires" time="0.102" /><testcase classname="tests.test_ged_conformite.TestP2Preview" name="test_preview_document_sans_fichier" time="0.960" /><testcase classname="tests.test_ged_conformite.TestP2Preview" name="test_preview_info_document" time="0.211" /><testcase classname="tests.test_ged_conformite.TestP2RechercheContenu" name="test_recherche_contenu" time="0.441" /><testcase classname="tests.test_ged_conformite.TestP2RechercheContenu" name="test_recherche_requete_trop_courte" time="0.096" /><testcase classname="tests.test_ged_conformite.TestP2RechercheContenu" name="test_statistiques_indexation" time="0.111" /><testcase classname="tests.test_ged_conformite.TestP2DoubleZone" name="test_obtenir_contexte_actuel" time="0.429" /><testcase classname="tests.test_ged_conformite.TestP2DoubleZone" name="test_basculer_vers_equipe" time="0.095" /><testcase classname="tests.test_ged_conformite.TestP2DoubleZone" name="test_basculer_vers_personnel" time="0.101" /><testcase classname="tests.test_ged_conformite.TestP2DoubleZone" name="test_basculer_contexte_invalide" time="0.106" /><testcase classname="tests.test_ged_conformite.TestP2DoubleZone" name="test_documents_par_contexte" time="0.112" /><testcase classname="tests.test_ged_conformite.TestP2DoubleZone" name="test_statistiques_par_contexte" time="0.125" /><testcase classname="tests.test_ged_conformite.TestCleanup" name="test_cleanup_test_documents" time="0.440" /></testsuite></testsuites>