<?xml version="1.0" encoding="utf-8"?><testsuites name="pytest tests"><testsuite name="pytest" errors="0" failures="0" skipped="0" tests="9" time="3.700" timestamp="2026-04-05T09:21:28.826366+00:00" hostname="agent-env-2915b877-4270-46a0-a2f0-9ac29200c91c"><testcase classname="backend.tests.test_iteration15_issues.TestIssue1Mutations" name="test_mutations_endpoint_returns_200" time="0.464" /><testcase classname="backend.tests.test_iteration15_issues.TestIssue3DashboardData" name="test_global_stats_returns_expected_data" time="0.545" /><testcase classname="backend.tests.test_iteration15_issues.TestIssue3DashboardData" name="test_global_stats_has_province_distribution" time="0.542" /><testcase classname="backend.tests.test_iteration15_issues.TestIssue4ChatContacts" name="test_contactable_users_returns_list" time="0.371" /><testcase classname="backend.tests.test_iteration15_issues.TestIssue4ChatContacts" name="test_contactable_users_have_searchable_fields" time="0.371" /><testcase classname="backend.tests.test_iteration15_issues.TestIssue5MapProvinces" name="test_provinces_endpoint_returns_data" time="0.372" /><testcase classname="backend.tests.test_iteration15_issues.TestIssue5MapProvinces" name="test_stats_has_province_data_for_map" time="0.536" /><testcase classname="backend.tests.test_iteration15_issues.TestHealthAndAuth" name="test_health_endpoint" time="0.099" /><testcase classname="backend.tests.test_iteration15_issues.TestHealthAndAuth" name="test_login_with_admin_credentials" time="0.317" /></testsuite></testsuites>